TN:
SF:lib/components/atoms/BottomBar/BottomBar.tsx
FN:5,pad
FN:9,(anonymous_1)
FN:12,(anonymous_2)
FN:41,(anonymous_3)
FNF:4
FNH:4
FNDA:16,pad
FNDA:8,(anonymous_1)
FNDA:8,(anonymous_2)
FNDA:40,(anonymous_3)
DA:6,16
DA:9,1
DA:10,8
DA:12,1
DA:21,8
DA:23,8
DA:41,40
LF:7
LH:7
BRDA:10,0,0,8
BRDA:10,0,1,6
BRDA:27,1,0,2
BRDA:27,1,1,6
BRDA:30,2,0,8
BRDA:30,2,1,2
BRDA:32,3,0,1
BRDA:32,3,1,1
BRDA:35,4,0,8
BRDA:35,4,1,8
BRDA:47,5,0,8
BRDA:47,5,1,32
BRDA:54,6,0,8
BRDA:54,6,1,2
BRDA:62,7,0,8
BRDA:62,7,1,2
BRF:16
BRH:16
end_of_record
TN:
SF:lib/components/atoms/Diagram/Diagram.tsx
FN:7,(anonymous_0)
FN:11,(anonymous_1)
FN:16,(anonymous_2)
FN:25,(anonymous_3)
FNF:4
FNH:3
FNDA:1,(anonymous_0)
FNDA:1,(anonymous_1)
FNDA:1,(anonymous_2)
FNDA:0,(anonymous_3)
DA:5,1
DA:7,1
DA:8,1
DA:9,1
DA:11,1
DA:12,1
DA:13,1
DA:15,1
DA:17,1
DA:23,1
DA:26,0
DA:27,0
DA:32,1
LF:13
LH:11
BRDA:13,0,0,0
BRDA:13,0,1,1
BRDA:26,1,0,0
BRDA:26,1,1,0
BRF:4
BRH:1
end_of_record
TN:
SF:lib/components/atoms/NavArrows/NavArrows.tsx
FN:9,(anonymous_0)
FN:25,(anonymous_1)
FN:41,(anonymous_2)
FNF:3
FNH:3
FNDA:4,(anonymous_0)
FNDA:4,(anonymous_1)
FNDA:4,(anonymous_2)
DA:5,1
DA:7,1
DA:9,4
DA:25,4
DA:41,1
DA:46,4
LF:6
LH:6
BRF:0
BRH:0
end_of_record
TN:
SF:lib/components/atoms/SlideTransition/SlideTransition.tsx
FN:10,(anonymous_0)
FN:17,(anonymous_1)
FN:23,(anonymous_2)
FN:24,(anonymous_3)
FNF:4
FNH:3
FNDA:7,(anonymous_0)
FNDA:6,(anonymous_1)
FNDA:1,(anonymous_2)
FNDA:0,(anonymous_3)
DA:10,1
DA:14,7
DA:15,7
DA:17,7
DA:18,6
DA:19,1
DA:21,1
DA:23,1
DA:24,1
DA:25,0
DA:30,7
LF:11
LH:10
BRDA:18,0,0,5
BRDA:18,0,1,1
BRDA:34,1,0,7
BRDA:34,1,1,6
BRF:4
BRH:4
end_of_record
TN:
SF:lib/components/molecules/CenterPanel/CenterPanel.tsx
FN:4,(anonymous_0)
FNF:1
FNH:1
FNDA:6,(anonymous_0)
DA:4,1
DA:9,6
LF:2
LH:2
BRDA:15,0,0,6
BRDA:15,0,1,1
BRDA:20,1,0,6
BRDA:20,1,1,3
BRDA:25,2,0,6
BRDA:25,2,1,1
BRF:6
BRH:6
end_of_record
TN:
SF:lib/components/molecules/DiagramPanel/DiagramPanel.tsx
FN:4,(anonymous_0)
FN:24,(anonymous_1)
FNF:2
FNH:2
FNDA:5,(anonymous_0)
FNDA:2,(anonymous_1)
DA:4,1
DA:8,5
DA:24,2
LF:3
LH:3
BRDA:13,0,0,5
BRDA:13,0,1,1
BRDA:22,1,0,5
BRDA:22,1,1,1
BRDA:22,1,2,1
BRF:5
BRH:5
end_of_record
TN:
SF:lib/components/molecules/Header/Header.tsx
FN:4,isSafeUrl
FN:13,(anonymous_1)
FNF:2
FNH:2
FNDA:1,isSafeUrl
FNDA:4,(anonymous_1)
DA:5,1
DA:6,1
DA:7,1
DA:9,0
DA:13,1
DA:19,4
LF:6
LH:5
BRDA:7,0,0,1
BRDA:7,0,1,0
BRDA:26,1,0,4
BRDA:26,1,1,0
BRDA:50,2,0,4
BRDA:50,2,1,1
BRDA:50,2,2,1
BRDA:50,2,3,0
BRF:8
BRH:5
end_of_record
TN:
SF:lib/components/molecules/Sidebar/Sidebar.tsx
FN:7,(anonymous_0)
FN:19,(anonymous_1)
FN:31,(anonymous_2)
FN:40,(anonymous_3)
FN:58,(anonymous_4)
FN:74,(anonymous_5)
FN:95,(anonymous_6)
FNF:7
FNH:5
FNDA:6,(anonymous_0)
FNDA:12,(anonymous_1)
FNDA:1,(anonymous_2)
FNDA:48,(anonymous_3)
FNDA:6,(anonymous_4)
FNDA:0,(anonymous_5)
FNDA:0,(anonymous_6)
DA:7,6
DA:20,12
DA:21,12
DA:31,1
DA:40,48
DA:58,1
DA:68,6
DA:70,6
DA:71,6
DA:74,0
DA:75,0
DA:76,0
DA:79,0
DA:95,0
LF:14
LH:9
BRDA:12,0,0,6
BRDA:12,0,1,1
BRDA:12,0,2,1
BRDA:27,1,0,6
BRDA:27,1,1,6
BRDA:32,2,0,6
BRDA:32,2,1,6
BRDA:45,3,0,12
BRDA:45,3,1,36
BRDA:70,4,0,6
BRDA:70,4,1,0
BRDA:83,5,0,0
BRDA:83,5,1,0
BRDA:95,6,0,0
BRDA:95,6,1,0
BRDA:102,7,0,0
BRDA:102,7,1,0
BRF:17
BRH:10
end_of_record
TN:
SF:lib/components/organisms/MockDemo/MockDemo.tsx
FN:5,(anonymous_0)
FN:83,(anonymous_1)
FNF:2
FNH:2
FNDA:10,(anonymous_0)
FNDA:14,(anonymous_1)
DA:5,1
DA:12,10
DA:83,14
LF:3
LH:3
BRDA:19,0,0,9
BRDA:19,0,1,1
BRDA:31,1,0,8
BRDA:31,1,1,2
BRDA:32,2,0,10
BRDA:32,2,1,1
BRDA:38,3,0,8
BRDA:38,3,1,2
BRDA:47,4,0,8
BRDA:47,4,1,2
BRDA:52,5,0,8
BRDA:52,5,1,2
BRDA:68,6,0,10
BRDA:68,6,1,1
BRDA:73,7,0,10
BRDA:73,7,1,1
BRDA:78,8,0,10
BRDA:78,8,1,9
BRDA:78,8,2,8
BRDA:78,8,3,1
BRDA:81,9,0,10
BRDA:81,9,1,9
BRDA:81,9,2,8
BRDA:81,9,3,7
BRF:24
BRH:24
end_of_record
TN:
SF:lib/components/organisms/PresentationLayout/PresentationLayout.tsx
FN:8,getGridClass
FN:15,(anonymous_1)
FNF:2
FNH:2
FNDA:8,getGridClass
FNDA:8,(anonymous_1)
DA:6,1
DA:9,8
DA:10,0
DA:12,8
DA:15,1
DA:26,8
LF:6
LH:5
BRDA:9,0,0,0
BRDA:9,0,1,8
BRDA:10,1,0,0
BRDA:10,1,1,0
BRDA:12,2,0,3
BRDA:12,2,1,5
BRDA:35,3,0,8
BRDA:35,3,1,8
BRDA:39,4,0,0
BRDA:39,4,1,8
BRDA:44,5,0,8
BRDA:44,5,1,3
BRDA:45,6,0,8
BRDA:45,6,1,8
BRDA:45,6,2,1
BRDA:53,7,0,8
BRDA:53,7,1,8
BRDA:53,7,2,2
BRDA:55,8,0,1
BRDA:55,8,1,1
BRDA:62,9,0,8
BRDA:62,9,1,0
BRF:22
BRH:17
end_of_record
