TN:
SF:src/core/domain/sections/helpers.ts
FN:3,getTotalSlides
FN:4,(anonymous_1)
FN:7,getSectionById
FN:8,(anonymous_3)
FN:11,getSlide
FN:17,getSectionIndex
FN:18,(anonymous_6)
FN:21,getGlobalSlideIndex
FN:31,isFirstSlide
FN:36,isLastSlide
FNF:10
FNH:10
FNDA:2,getTotalSlides
FNDA:2,(anonymous_1)
FNDA:6,getSectionById
FNDA:8,(anonymous_3)
FNDA:3,getSlide
FNDA:27,getSectionIndex
FNDA:40,(anonymous_6)
FNDA:5,getGlobalSlideIndex
FNDA:3,isFirstSlide
FNDA:4,isLastSlide
DA:4,2
DA:8,8
DA:12,3
DA:13,3
DA:14,2
DA:18,40
DA:22,5
DA:23,5
DA:24,4
DA:25,4
DA:26,2
DA:28,4
DA:32,3
DA:33,3
DA:37,4
DA:38,4
DA:39,3
DA:40,3
DA:41,3
LF:19
LH:19
BRDA:13,0,0,1
BRDA:13,0,1,2
BRDA:23,1,0,1
BRDA:23,1,1,4
BRDA:33,2,0,3
BRDA:33,2,1,2
BRDA:38,3,0,1
BRDA:38,3,1,3
BRDA:41,4,0,3
BRDA:41,4,1,2
BRF:10
BRH:10
end_of_record
TN:
SF:src/core/domain/sections/index.ts
FNF:0
FNH:0
DA:15,1
LF:1
LH:1
BRF:0
BRH:0
end_of_record
TN:
SF:src/core/domain/sections/types.ts
FNF:0
FNH:0
DA:4,1
LF:1
LH:1
BRF:0
BRH:0
end_of_record
TN:
SF:src/core/domain/sections/claude-code/claude-code.section.ts
FN:4,(anonymous_0)
FN:5,(anonymous_1)
FN:10,(anonymous_2)
FN:11,(anonymous_3)
FN:16,(anonymous_4)
FN:17,(anonymous_5)
FNF:6
FNH:0
FNDA:0,(anonymous_0)
FNDA:0,(anonymous_1)
FNDA:0,(anonymous_2)
FNDA:0,(anonymous_3)
FNDA:0,(anonymous_4)
FNDA:0,(anonymous_5)
DA:4,1
DA:5,0
DA:10,1
DA:11,0
DA:16,1
DA:17,0
DA:22,1
LF:7
LH:4
BRF:0
BRH:0
end_of_record
TN:
SF:src/core/domain/sections/get-started/get-started.section.ts
FN:4,(anonymous_0)
FN:6,(anonymous_1)
FN:10,(anonymous_2)
FN:11,(anonymous_3)
FN:16,(anonymous_4)
FN:17,(anonymous_5)
FNF:6
FNH:0
FNDA:0,(anonymous_0)
FNDA:0,(anonymous_1)
FNDA:0,(anonymous_2)
FNDA:0,(anonymous_3)
FNDA:0,(anonymous_4)
FNDA:0,(anonymous_5)
DA:4,1
DA:5,0
DA:6,0
DA:10,1
DA:11,0
DA:16,1
DA:17,0
DA:22,1
LF:8
LH:4
BRF:0
BRH:0
end_of_record
TN:
SF:src/core/domain/sections/infrastructure/infrastructure.section.ts
FN:4,(anonymous_0)
FN:7,(anonymous_1)
FN:10,(anonymous_2)
FN:11,(anonymous_3)
FN:16,(anonymous_4)
FN:18,(anonymous_5)
FNF:6
FNH:0
FNDA:0,(anonymous_0)
FNDA:0,(anonymous_1)
FNDA:0,(anonymous_2)
FNDA:0,(anonymous_3)
FNDA:0,(anonymous_4)
FNDA:0,(anonymous_5)
DA:4,1
DA:5,0
DA:7,0
DA:10,1
DA:11,0
DA:16,1
DA:17,0
DA:18,0
DA:22,1
LF:9
LH:4
BRF:0
BRH:0
end_of_record
TN:
SF:src/core/domain/sections/mock/mock.section.ts
FN:4,(anonymous_0)
FN:5,(anonymous_1)
FN:10,(anonymous_2)
FN:11,(anonymous_3)
FN:16,(anonymous_4)
FN:17,(anonymous_5)
FN:22,(anonymous_6)
FN:23,(anonymous_7)
FN:28,(anonymous_8)
FN:31,(anonymous_9)
FNF:10
FNH:0
FNDA:0,(anonymous_0)
FNDA:0,(anonymous_1)
FNDA:0,(anonymous_2)
FNDA:0,(anonymous_3)
FNDA:0,(anonymous_4)
FNDA:0,(anonymous_5)
FNDA:0,(anonymous_6)
FNDA:0,(anonymous_7)
FNDA:0,(anonymous_8)
FNDA:0,(anonymous_9)
DA:4,1
DA:5,0
DA:10,1
DA:11,0
DA:16,1
DA:17,0
DA:22,1
DA:23,0
DA:28,1
DA:29,0
DA:31,0
DA:34,1
LF:12
LH:6
BRF:0
BRH:0
end_of_record
TN:
SF:src/core/domain/sections/module-federation/module-federation.section.ts
FN:4,(anonymous_0)
FN:6,(anonymous_1)
FN:10,(anonymous_2)
FN:12,(anonymous_3)
FN:16,(anonymous_4)
FN:18,(anonymous_5)
FN:22,(anonymous_6)
FN:24,(anonymous_7)
FNF:8
FNH:0
FNDA:0,(anonymous_0)
FNDA:0,(anonymous_1)
FNDA:0,(anonymous_2)
FNDA:0,(anonymous_3)
FNDA:0,(anonymous_4)
FNDA:0,(anonymous_5)
FNDA:0,(anonymous_6)
FNDA:0,(anonymous_7)
DA:4,1
DA:5,0
DA:6,0
DA:10,1
DA:11,0
DA:12,0
DA:16,1
DA:17,0
DA:18,0
DA:22,1
DA:23,0
DA:24,0
DA:28,1
LF:13
LH:5
BRF:0
BRH:0
end_of_record
TN:
SF:src/core/domain/sections/monorepo/monorepo.section.ts
FN:4,(anonymous_0)
FN:5,(anonymous_1)
FN:10,(anonymous_2)
FN:11,(anonymous_3)
FN:16,(anonymous_4)
FN:17,(anonymous_5)
FNF:6
FNH:0
FNDA:0,(anonymous_0)
FNDA:0,(anonymous_1)
FNDA:0,(anonymous_2)
FNDA:0,(anonymous_3)
FNDA:0,(anonymous_4)
FNDA:0,(anonymous_5)
DA:4,1
DA:5,0
DA:10,1
DA:11,0
DA:16,1
DA:17,0
DA:22,1
LF:7
LH:4
BRF:0
BRH:0
end_of_record
TN:
SF:src/core/domain/sections/overview/overview.section.ts
FN:4,(anonymous_0)
FN:5,(anonymous_1)
FN:10,(anonymous_2)
FN:12,(anonymous_3)
FN:16,(anonymous_4)
FN:17,(anonymous_5)
FNF:6
FNH:0
FNDA:0,(anonymous_0)
FNDA:0,(anonymous_1)
FNDA:0,(anonymous_2)
FNDA:0,(anonymous_3)
FNDA:0,(anonymous_4)
FNDA:0,(anonymous_5)
DA:4,1
DA:5,0
DA:10,1
DA:11,0
DA:12,0
DA:16,1
DA:17,0
DA:22,1
LF:8
LH:4
BRF:0
BRH:0
end_of_record
TN:
SF:src/core/domain/sections/problem-audience/problem-audience.section.ts
FN:4,(anonymous_0)
FN:5,(anonymous_1)
FN:10,(anonymous_2)
FN:12,(anonymous_3)
FN:16,(anonymous_4)
FN:18,(anonymous_5)
FNF:6
FNH:0
FNDA:0,(anonymous_0)
FNDA:0,(anonymous_1)
FNDA:0,(anonymous_2)
FNDA:0,(anonymous_3)
FNDA:0,(anonymous_4)
FNDA:0,(anonymous_5)
DA:4,1
DA:5,0
DA:10,1
DA:11,0
DA:12,0
DA:16,1
DA:17,0
DA:18,0
DA:22,1
LF:9
LH:4
BRF:0
BRH:0
end_of_record
TN:
SF:src/core/domain/sections/shell/shell.section.ts
FN:4,(anonymous_0)
FN:6,(anonymous_1)
FN:10,(anonymous_2)
FN:12,(anonymous_3)
FN:16,(anonymous_4)
FN:17,(anonymous_5)
FN:22,(anonymous_6)
FN:23,(anonymous_7)
FNF:8
FNH:0
FNDA:0,(anonymous_0)
FNDA:0,(anonymous_1)
FNDA:0,(anonymous_2)
FNDA:0,(anonymous_3)
FNDA:0,(anonymous_4)
FNDA:0,(anonymous_5)
FNDA:0,(anonymous_6)
FNDA:0,(anonymous_7)
DA:4,1
DA:5,0
DA:6,0
DA:10,1
DA:11,0
DA:12,0
DA:16,1
DA:17,0
DA:22,1
DA:23,0
DA:28,1
LF:11
LH:5
BRF:0
BRH:0
end_of_record
TN:
SF:src/core/domain/sections/stack/stack.section.ts
FN:4,(anonymous_0)
FN:5,(anonymous_1)
FN:10,(anonymous_2)
FN:11,(anonymous_3)
FN:16,(anonymous_4)
FN:17,(anonymous_5)
FN:22,(anonymous_6)
FN:24,(anonymous_7)
FNF:8
FNH:0
FNDA:0,(anonymous_0)
FNDA:0,(anonymous_1)
FNDA:0,(anonymous_2)
FNDA:0,(anonymous_3)
FNDA:0,(anonymous_4)
FNDA:0,(anonymous_5)
FNDA:0,(anonymous_6)
FNDA:0,(anonymous_7)
DA:4,1
DA:5,0
DA:10,1
DA:11,0
DA:16,1
DA:17,0
DA:22,1
DA:23,0
DA:24,0
DA:28,1
LF:10
LH:5
BRF:0
BRH:0
end_of_record
TN:
SF:src/core/domain/sections/testing/testing.section.ts
FN:4,(anonymous_0)
FN:5,(anonymous_1)
FN:10,(anonymous_2)
FN:11,(anonymous_3)
FN:16,(anonymous_4)
FN:17,(anonymous_5)
FNF:6
FNH:0
FNDA:0,(anonymous_0)
FNDA:0,(anonymous_1)
FNDA:0,(anonymous_2)
FNDA:0,(anonymous_3)
FNDA:0,(anonymous_4)
FNDA:0,(anonymous_5)
DA:4,1
DA:5,0
DA:10,1
DA:11,0
DA:16,1
DA:17,0
DA:22,1
LF:7
LH:4
BRF:0
BRH:0
end_of_record
TN:
SF:src/core/domain/sections/ui-components/ui-components.section.ts
FN:4,(anonymous_0)
FN:5,(anonymous_1)
FN:10,(anonymous_2)
FN:12,(anonymous_3)
FN:16,(anonymous_4)
FN:18,(anonymous_5)
FN:22,(anonymous_6)
FN:24,(anonymous_7)
FNF:8
FNH:0
FNDA:0,(anonymous_0)
FNDA:0,(anonymous_1)
FNDA:0,(anonymous_2)
FNDA:0,(anonymous_3)
FNDA:0,(anonymous_4)
FNDA:0,(anonymous_5)
FNDA:0,(anonymous_6)
FNDA:0,(anonymous_7)
DA:4,1
DA:5,0
DA:10,1
DA:11,0
DA:12,0
DA:16,1
DA:17,0
DA:18,0
DA:22,1
DA:23,0
DA:24,0
DA:28,1
LF:12
LH:5
BRF:0
BRH:0
end_of_record
TN:
SF:src/core/hooks/useKeyboard.ts
FN:17,useKeyboard
FN:24,(anonymous_1)
FN:31,(anonymous_2)
FN:38,(anonymous_3)
FN:39,handleKeyDown
FN:49,(anonymous_5)
FN:60,(anonymous_6)
FN:66,(anonymous_7)
FN:70,(anonymous_8)
FN:71,(anonymous_9)
FNF:10
FNH:8
FNDA:7,useKeyboard
FNDA:6,(anonymous_1)
FNDA:6,(anonymous_2)
FNDA:5,(anonymous_3)
FNDA:7,handleKeyDown
FNDA:0,(anonymous_5)
FNDA:0,(anonymous_6)
FNDA:5,(anonymous_7)
FNDA:5,(anonymous_8)
FNDA:5,(anonymous_9)
DA:18,7
DA:19,7
DA:20,7
DA:21,7
DA:22,7
DA:24,7
DA:25,6
DA:26,1
DA:27,1
DA:31,7
DA:32,6
DA:33,1
DA:34,1
DA:38,7
DA:40,7
DA:41,2
DA:42,1
DA:43,1
DA:46,1
DA:47,1
DA:48,1
DA:49,1
DA:51,5
DA:52,2
DA:53,1
DA:54,1
DA:57,1
DA:58,1
DA:59,1
DA:60,1
DA:65,5
DA:66,5
DA:70,7
DA:71,5
DA:72,5
DA:73,5
DA:77,7
LF:37
LH:37
BRDA:25,0,0,1
BRDA:25,0,1,5
BRDA:32,1,0,1
BRDA:32,1,1,5
BRDA:40,2,0,2
BRDA:40,2,1,5
BRDA:41,3,0,1
BRDA:41,3,1,1
BRDA:51,4,0,2
BRDA:51,4,1,3
BRDA:52,5,0,1
BRDA:52,5,1,1
BRF:12
BRH:12
end_of_record
TN:
SF:src/core/hooks/useNavigation.ts
FN:14,useNavigation
FN:22,(anonymous_1)
FN:29,(anonymous_2)
FN:41,(anonymous_3)
FNF:4
FNH:4
FNDA:13,useNavigation
FNDA:13,(anonymous_1)
FNDA:3,(anonymous_2)
FNDA:3,(anonymous_3)
DA:15,13
DA:16,13
DA:17,13
DA:18,13
DA:20,13
DA:22,13
DA:23,13
DA:24,13
DA:25,13
DA:26,13
DA:29,13
DA:30,3
DA:32,3
DA:33,3
DA:34,1
DA:35,2
DA:36,1
DA:37,1
DA:41,13
DA:42,3
DA:44,3
DA:45,1
DA:46,2
DA:47,1
DA:48,1
DA:52,13
LF:26
LH:26
BRDA:14,0,0,0
BRDA:16,1,0,0
BRDA:20,2,0,13
BRDA:20,2,1,9
BRDA:23,3,0,0
BRDA:23,3,1,13
BRDA:23,4,0,13
BRDA:23,4,1,13
BRDA:26,5,0,13
BRDA:26,5,1,4
BRDA:30,6,0,0
BRDA:30,6,1,3
BRDA:30,7,0,3
BRDA:30,7,1,3
BRDA:33,8,0,1
BRDA:33,8,1,2
BRDA:35,9,0,1
BRDA:35,9,1,1
BRDA:42,10,0,0
BRDA:42,10,1,3
BRDA:42,11,0,3
BRDA:42,11,1,3
BRDA:44,12,0,1
BRDA:44,12,1,2
BRDA:46,13,0,1
BRDA:46,13,1,1
BRF:26
BRH:21
end_of_record
TN:
SF:src/core/store/mock.store.ts
FN:18,(anonymous_0)
FN:22,(anonymous_1)
FN:36,(anonymous_2)
FN:44,useMockToggle
FN:45,(anonymous_4)
FN:48,useIsMockEnabled
FN:49,(anonymous_6)
FNF:7
FNH:3
FNDA:1,(anonymous_0)
FNDA:2,(anonymous_1)
FNDA:1,(anonymous_2)
FNDA:0,useMockToggle
FNDA:0,(anonymous_4)
FNDA:0,useIsMockEnabled
FNDA:0,(anonymous_6)
DA:18,1
DA:23,2
DA:24,2
DA:26,2
DA:27,1
DA:28,1
DA:30,1
DA:31,1
DA:33,2
DA:36,1
DA:39,1
DA:40,1
DA:45,0
DA:49,0
LF:14
LH:12
BRDA:24,0,0,0
BRDA:24,0,1,2
BRDA:26,1,0,1
BRDA:26,1,1,1
BRDA:40,2,0,1
BRDA:40,2,1,0
BRF:6
BRH:4
end_of_record
TN:
SF:src/core/store/progress.store.ts
FN:26,(anonymous_0)
FN:29,(anonymous_1)
FN:31,(anonymous_2)
FN:39,(anonymous_3)
FN:41,(anonymous_4)
FN:47,(anonymous_5)
FN:50,visitUpTo
FN:56,(anonymous_7)
FN:60,(anonymous_8)
FN:66,addVisited
FN:79,(anonymous_10)
FN:83,(anonymous_11)
FN:95,useCurrentPosition
FN:97,(anonymous_13)
FN:104,useVisitedSlides
FN:105,(anonymous_15)
FNF:16
FNH:11
FNDA:1,(anonymous_0)
FNDA:11,(anonymous_1)
FNDA:11,(anonymous_2)
FNDA:1,(anonymous_3)
FNDA:1,(anonymous_4)
FNDA:16,(anonymous_5)
FNDA:16,visitUpTo
FNDA:18,(anonymous_7)
FNDA:5,(anonymous_8)
FNDA:4,addVisited
FNDA:0,(anonymous_10)
FNDA:28,(anonymous_11)
FNDA:0,useCurrentPosition
FNDA:0,(anonymous_13)
FNDA:0,useVisitedSlides
FNDA:0,(anonymous_15)
DA:20,1
DA:26,1
DA:30,11
DA:31,11
DA:40,1
DA:41,1
DA:47,16
DA:55,16
DA:56,18
DA:57,16
DA:58,11
DA:60,16
DA:61,2
DA:63,14
DA:71,4
DA:72,4
DA:73,3
DA:76,1
DA:80,0
DA:81,0
DA:83,28
DA:90,1
DA:91,1
DA:96,0
DA:97,0
DA:105,0
LF:26
LH:21
BRDA:55,0,0,16
BRDA:55,0,1,7
BRDA:57,1,0,11
BRDA:57,1,1,5
BRDA:60,2,0,2
BRDA:60,2,1,14
BRDA:60,3,0,16
BRDA:60,3,1,3
BRDA:71,4,0,4
BRDA:71,4,1,2
BRDA:72,5,0,1
BRDA:72,5,1,3
BRDA:80,6,0,0
BRDA:80,6,1,0
BRDA:91,7,0,1
BRDA:91,7,1,0
BRF:16
BRH:13
end_of_record
